app/build/intermediates/manifest_merge_blame_file/debug/manifest-merger-blame-debug-report.txt
1<?xml version="1.0" encoding="utf-8"?>
2<manifest xmlns:android="http://schemas.android.com/apk/res/android"
3    package="com.sansanyako.musicapp2"
4    android:versionCode="6"
5    android:versionName="1.6" >
6
7    <uses-sdk
8        android:minSdkVersion="16"
8-->src\main\AndroidManifest.xml
9        android:targetSdkVersion="29" />
9-->src\main\AndroidManifest.xml
10
11    <uses-permission android:name="android.permission.INTERNET" />
11-->src\main\AndroidManifest.xml:5:5-66
11-->src\main\AndroidManifest.xml:5:22-64
12    <uses-permission android:name="android.permission.ACCESS_WIFI_STATE" />
12-->src\main\AndroidManifest.xml:6:5-75
12-->src\main\AndroidManifest.xml:6:22-73
13    <uses-permission android:name="android.permission.ACCESS_NETWORK_STATE" />
13-->src\main\AndroidManifest.xml:7:5-78
13-->src\main\AndroidManifest.xml:7:22-76
14    <uses-permission android:name="android.permission.WRITE_EXTERNAL_STORAGE" />
14-->src\main\AndroidManifest.xml:8:5-80
14-->src\main\AndroidManifest.xml:8:22-78
15    <uses-permission android:name="android.permission.READ_EXTERNAL_STORAGE" />
15-->src\main\AndroidManifest.xml:9:5-79
15-->src\main\AndroidManifest.xml:9:22-77
16    <uses-permission android:name="android.permission.WAKE_LOCK" />
16-->src\main\AndroidManifest.xml:10:5-68
16-->src\main\AndroidManifest.xml:10:22-65
17
18    <application
18-->src\main\AndroidManifest.xml:12:5-45:19
19        android:allowBackup="true"
19-->src\main\AndroidManifest.xml:13:9-35
20        android:appComponentFactory="androidx.core.app.CoreComponentFactory"
20-->[androidx.core:core:1.0.0] AndroidManifest.xml:22:18-86
21        android:debuggable="true"
22        android:icon="@mipmap/ic_launcher"
22-->src\main\AndroidManifest.xml:14:9-43
23        android:label="@string/app_name"
23-->src\main\AndroidManifest.xml:15:9-41
24        android:roundIcon="@mipmap/ic_launcher_round"
24-->src\main\AndroidManifest.xml:16:9-54
25        android:supportsRtl="true"
25-->src\main\AndroidManifest.xml:17:9-35
26        android:testOnly="true"
27        android:theme="@style/AppTheme"
27-->src\main\AndroidManifest.xml:19:9-40
28        android:usesCleartextTraffic="true" >
28-->src\main\AndroidManifest.xml:18:9-44
29        <activity
29-->src\main\AndroidManifest.xml:20:9-27:20
30            android:name="com.sansanyako.musicapp2.SplashActivity"
30-->src\main\AndroidManifest.xml:20:19-73
31            android:theme="@style/AppTheme.NoActionBar" >
31-->src\main\AndroidManifest.xml:21:13-56
32            <intent-filter>
32-->src\main\AndroidManifest.xml:22:13-26:29
33                <action android:name="android.intent.action.MAIN" />
33-->src\main\AndroidManifest.xml:23:17-69
33-->src\main\AndroidManifest.xml:23:25-66
34
35                <category android:name="android.intent.category.LAUNCHER" />
35-->src\main\AndroidManifest.xml:25:17-77
35-->src\main\AndroidManifest.xml:25:27-74
36            </intent-filter>
37        </activity>
38        <activity
38-->src\main\AndroidManifest.xml:28:9-29:58
39            android:name="com.sansanyako.musicapp2.MainActivity"
39-->src\main\AndroidManifest.xml:28:19-71
40            android:theme="@style/AppTheme.NoActionBar" />
40-->src\main\AndroidManifest.xml:29:13-56
41        <activity android:name="com.sansanyako.musicapp2.OnlineActivity" />
41-->src\main\AndroidManifest.xml:30:9-76
41-->src\main\AndroidManifest.xml:30:19-73
42        <activity android:name="com.sansanyako.musicapp2.OfflineActivity" />
42-->src\main\AndroidManifest.xml:31:9-77
42-->src\main\AndroidManifest.xml:31:19-74
43        <activity
43-->src\main\AndroidManifest.xml:32:9-33:58
44            android:name="com.sansanyako.musicapp2.MusicPlayActivity"
44-->src\main\AndroidManifest.xml:32:19-76
45            android:theme="@style/AppTheme.NoActionBar" />
45-->src\main\AndroidManifest.xml:33:13-56
46        <activity android:name="com.sansanyako.musicapp2.PrivacyActivity" />
46-->src\main\AndroidManifest.xml:34:9-76
46-->src\main\AndroidManifest.xml:34:19-74
47
48        <meta-data
48-->src\main\AndroidManifest.xml:36:9-38:69
49            android:name="com.google.android.gms.version"
49-->src\main\AndroidManifest.xml:37:13-58
50            android:value="@integer/google_play_services_version" />
50-->src\main\AndroidManifest.xml:38:13-66
51
52        <!-- Sample AdMob App ID: ca-app-pub-3940256099942544~3347511713 -->
53        <meta-data
53-->src\main\AndroidManifest.xml:41:9-43:44
54            android:name="com.google.android.gms.ads.APPLICATION_ID"
54-->src\main\AndroidManifest.xml:42:13-69
55            android:value="@string/appid" />
55-->src\main\AndroidManifest.xml:43:13-42
56
57        <activity
57-->[com.facebook.android:audience-network-sdk:5.6.0] AndroidManifest.xml:15:9-19:75
58            android:name="com.facebook.ads.AudienceNetworkActivity"
58-->[com.facebook.android:audience-network-sdk:5.6.0] AndroidManifest.xml:16:13-68
59            android:configChanges="keyboardHidden|orientation|screenSize"
59-->[com.facebook.android:audience-network-sdk:5.6.0] AndroidManifest.xml:17:13-74
60            android:exported="false"
60-->[com.facebook.android:audience-network-sdk:5.6.0] AndroidManifest.xml:18:13-37
61            android:theme="@android:style/Theme.Translucent.NoTitleBar" />
61-->[com.facebook.android:audience-network-sdk:5.6.0] AndroidManifest.xml:19:13-72
62        <activity
62-->[com.facebook.android:audience-network-sdk:5.6.0] AndroidManifest.xml:20:9-25:75
63            android:name="com.facebook.ads.internal.ipc.RemoteANActivity"
63-->[com.facebook.android:audience-network-sdk:5.6.0] AndroidManifest.xml:21:13-74
64            android:configChanges="keyboardHidden|orientation|screenSize"
64-->[com.facebook.android:audience-network-sdk:5.6.0] AndroidManifest.xml:22:13-74
65            android:exported="false"
65-->[com.facebook.android:audience-network-sdk:5.6.0] AndroidManifest.xml:23:13-37
66            android:process=":adnw"
66-->[com.facebook.android:audience-network-sdk:5.6.0] AndroidManifest.xml:24:13-36
67            android:theme="@android:style/Theme.Translucent.NoTitleBar" />
67-->[com.facebook.android:audience-network-sdk:5.6.0] AndroidManifest.xml:25:13-72
68
69        <service
69-->[com.facebook.android:audience-network-sdk:5.6.0] AndroidManifest.xml:27:9-29:40
70            android:name="com.facebook.ads.internal.ipc.AdsProcessPriorityService"
70-->[com.facebook.android:audience-network-sdk:5.6.0] AndroidManifest.xml:28:13-83
71            android:exported="false" />
71-->[com.facebook.android:audience-network-sdk:5.6.0] AndroidManifest.xml:29:13-37
72        <service
72-->[com.facebook.android:audience-network-sdk:5.6.0] AndroidManifest.xml:30:9-33:39
73            android:name="com.facebook.ads.internal.ipc.AdsMessengerService"
73-->[com.facebook.android:audience-network-sdk:5.6.0] AndroidManifest.xml:31:13-77
74            android:exported="false"
74-->[com.facebook.android:audience-network-sdk:5.6.0] AndroidManifest.xml:32:13-37
75            android:process=":adnw" />
75-->[com.facebook.android:audience-network-sdk:5.6.0] AndroidManifest.xml:33:13-36
76
77        <provider
77-->[com.facebook.android:audience-network-sdk:5.6.0] AndroidManifest.xml:35:9-38:40
78            android:name="com.facebook.ads.AudienceNetworkContentProvider"
78-->[com.facebook.android:audience-network-sdk:5.6.0] AndroidManifest.xml:36:13-75
79            android:authorities="com.sansanyako.musicapp2.AudienceNetworkContentProvider"
79-->[com.facebook.android:audience-network-sdk:5.6.0] AndroidManifest.xml:37:13-82
80            android:exported="false" /> <!-- Include the AdActivity and InAppPurchaseActivity configChanges and themes. -->
80-->[com.facebook.android:audience-network-sdk:5.6.0] AndroidManifest.xml:38:13-37
81        <activity
81-->[com.google.android.gms:play-services-ads-lite:18.3.0] AndroidManifest.xml:29:9-33:64
82            android:name="com.google.android.gms.ads.AdActivity"
82-->[com.google.android.gms:play-services-ads-lite:18.3.0] AndroidManifest.xml:30:13-65
83            android:configChanges="keyboard|keyboardHidden|orientation|screenLayout|uiMode|screenSize|smallestScreenSize"
83-->[com.google.android.gms:play-services-ads-lite:18.3.0] AndroidManifest.xml:31:13-122
84            android:exported="false"
84-->[com.google.android.gms:play-services-ads-lite:18.3.0] AndroidManifest.xml:32:13-37
85            android:theme="@android:style/Theme.Translucent" />
85-->[com.google.android.gms:play-services-ads-lite:18.3.0] AndroidManifest.xml:33:13-61
86
87        <provider
87-->[com.google.android.gms:play-services-ads-lite:18.3.0] AndroidManifest.xml:35:9-39:39
88            android:name="com.google.android.gms.ads.MobileAdsInitProvider"
88-->[com.google.android.gms:play-services-ads-lite:18.3.0] AndroidManifest.xml:36:13-76
89            android:authorities="com.sansanyako.musicapp2.mobileadsinitprovider"
89-->[com.google.android.gms:play-services-ads-lite:18.3.0] AndroidManifest.xml:37:13-73
90            android:exported="false"
90-->[com.google.android.gms:play-services-ads-lite:18.3.0] AndroidManifest.xml:38:13-37
91            android:initOrder="100" />
91-->[com.google.android.gms:play-services-ads-lite:18.3.0] AndroidManifest.xml:39:13-36
92    </application>
93
94</manifest>